[2021-09-07 13:18:45,520] [autoreload.py:636] [autoreload:run_with_reloader] [INFO]- Watching for file changes with StatReloader
[2021-09-07 13:18:47,234] [basehttp.py:161] [basehttp:log_message] [INFO]- "GET /Miracle/MiracleOrders HTTP/1.1" 302 0
[2021-09-07 13:18:47,277] [basehttp.py:161] [basehttp:log_message] [INFO]- "GET /login/?next=/Miracle/MiracleOrders HTTP/1.1" 200 4108
[2021-09-07 13:18:47,517] [basehttp.py:161] [basehttp:log_message] [INFO]- "GET /favicon.ico HTTP/1.1" 302 0
[2021-09-07 13:18:47,531] [basehttp.py:161] [basehttp:log_message] [INFO]- "GET /login/?next=/favicon.ico HTTP/1.1" 200 4088
[2021-09-07 13:18:58,759] [basehttp.py:161] [basehttp:log_message] [INFO]- "GET /static/admin/simpleui-x/elementui/theme-chalk/fonts/element-icons.woff HTTP/1.1" 200 28200
[2021-09-07 13:19:01,833] [basehttp.py:161] [basehttp:log_message] [INFO]- "POST /login/?next=/Miracle/MiracleOrders HTTP/1.1" 302 0
[2021-09-07 13:19:01,989] [basehttp.py:161] [basehttp:log_message] [INFO]- "GET /Miracle/MiracleOrders HTTP/1.1" 301 0
[2021-09-07 13:19:03,083] [basehttp.py:161] [basehttp:log_message] [INFO]- "GET /Miracle/MiracleOrders/ HTTP/1.1" 200 16052
[2021-09-07 13:19:03,155] [basehttp.py:161] [basehttp:log_message] [INFO]- "GET /static/jquery/jquery-3.6.0.min.js HTTP/1.1" 200 89503
[2021-09-07 13:19:03,166] [basehttp.py:161] [basehttp:log_message] [INFO]- "GET /static/bootstrap/css/bootstrap.css HTTP/1.1" 200 209709
[2021-09-07 13:19:03,180] [basehttp.py:161] [basehttp:log_message] [INFO]- "GET /static/popper/popper.js HTTP/1.1" 200 69253
[2021-09-07 13:19:03,184] [basehttp.py:161] [basehttp:log_message] [INFO]- "GET /static/bootstrap/js/bootstrap.js HTTP/1.1" 200 148340
[2021-09-07 13:19:23,122] [basehttp.py:161] [basehttp:log_message] [INFO]- "GET /Miracle/MiracleOrders/ HTTP/1.1" 200 16052
[2021-09-07 13:19:29,366] [log.py:224] [log:log_response] [WARNING]- Not Found: /admin/
[2021-09-07 13:19:29,367] [basehttp.py:161] [basehttp:log_message] [WARNING]- "GET /admin/ HTTP/1.1" 404 6973
[2021-09-07 13:19:29,644] [log.py:224] [log:log_response] [WARNING]- Not Found: /favicon.ico
[2021-09-07 13:19:29,645] [basehttp.py:161] [basehttp:log_message] [WARNING]- "GET /favicon.ico HTTP/1.1" 404 6988
[2021-09-07 13:19:39,681] [basehttp.py:161] [basehttp:log_message] [INFO]- "GET / HTTP/1.1" 200 22568
[2021-09-07 13:19:39,728] [basehttp.py:161] [basehttp:log_message] [INFO]- "GET /static/admin/simpleui-x/waves/waves.min.css?_=2.1 HTTP/1.1" 200 3861
[2021-09-07 13:19:39,731] [basehttp.py:161] [basehttp:log_message] [INFO]- "GET /static/admin/simpleui-x/css/index.css?_=3.2 HTTP/1.1" 200 6608
[2021-09-07 13:19:39,738] [basehttp.py:161] [basehttp:log_message] [INFO]- "GET /static/admin/simpleui-x/locale/en-us.js?_=2021.5.21 HTTP/1.1" 200 811
[2021-09-07 13:19:39,739] [basehttp.py:161] [basehttp:log_message] [INFO]- "GET /static/admin/simpleui-x/locale/zh-hans.js?_=2021.5.21 HTTP/1.1" 200 1254
[2021-09-07 13:19:39,739] [basehttp.py:161] [basehttp:log_message] [INFO]- "GET /static/admin/simpleui-x/automatic/dicts.js?_=2021.5.21 HTTP/1.1" 200 6292
[2021-09-07 13:19:39,739] [basehttp.py:161] [basehttp:log_message] [INFO]- "GET /static/admin/simpleui-x/automatic/segment.js?_=2021.5.21 HTTP/1.1" 200 1186
[2021-09-07 13:19:39,742] [basehttp.py:161] [basehttp:log_message] [INFO]- "GET /static/admin/simpleui-x/js/cookie.js?_=2021.5.21 HTTP/1.1" 200 524
[2021-09-07 13:19:39,749] [basehttp.py:161] [basehttp:log_message] [INFO]- "GET /static/admin/simpleui-x/waves/waves.min.js?_=2021.5.21 HTTP/1.1" 200 6329
[2021-09-07 13:19:39,750] [basehttp.py:161] [basehttp:log_message] [INFO]- "GET /static/admin/simpleui-x/js/menu.js?_=2021.5.21 HTTP/1.1" 200 1189
[2021-09-07 13:19:39,751] [basehttp.py:161] [basehttp:log_message] [INFO]- "GET /static/admin/simpleui-x/js/index.js?_=2021.5.21 HTTP/1.1" 200 20820
[2021-09-07 13:19:39,751] [basehttp.py:161] [basehttp:log_message] [INFO]- "GET /static/admin/simpleui-x/theme/theme.js?_=2021.5.21 HTTP/1.1" 200 4274
[2021-09-07 13:19:39,889] [basehttp.py:161] [basehttp:log_message] [INFO]- "GET /static/admin/simpleui-x/fontawesome-free-5.8.1-web/webfonts/fa-regular-400.woff2 HTTP/1.1" 200 13552
[2021-09-07 13:19:49,603] [basehttp.py:161] [basehttp:log_message] [INFO]- "GET /Miracle/miraclecredit/ HTTP/1.1" 200 29703
[2021-09-07 13:19:49,626] [basehttp.py:161] [basehttp:log_message] [INFO]- "GET /static/admin/simpleui-x/locale/en-us.js?_=2.1.2 HTTP/1.1" 200 811
[2021-09-07 13:19:49,626] [basehttp.py:161] [basehttp:log_message] [INFO]- "GET /static/admin/simpleui-x/locale/zh-hans.js HTTP/1.1" 200 1254
[2021-09-07 13:19:49,627] [basehttp.py:161] [basehttp:log_message] [INFO]- "GET /static/admin/simpleui-x/js/language.js?_=2.1.2 HTTP/1.1" 200 189
[2021-09-07 13:19:49,631] [basehttp.py:161] [basehttp:log_message] [INFO]- "GET /static/admin/simpleui-x/css/base.css?_=2.7 HTTP/1.1" 200 3323
[2021-09-07 13:19:49,633] [basehttp.py:161] [basehttp:log_message] [INFO]- "GET /static/admin/simpleui-x/theme/simpleui.css HTTP/1.1" 200 4270
[2021-09-07 13:19:49,637] [basehttp.py:161] [basehttp:log_message] [INFO]- "GET /static/admin/simpleui-x/js/cookie.js HTTP/1.1" 200 524
[2021-09-07 13:19:49,639] [basehttp.py:161] [basehttp:log_message] [INFO]- "GET /static/admin/css/changelists.css?_=20180905 HTTP/1.1" 200 6874
[2021-09-07 13:19:49,640] [basehttp.py:161] [basehttp:log_message] [INFO]- "GET /static/admin/css/base.css?_=2.7 HTTP/1.1" 200 19513
[2021-09-07 13:19:49,641] [basehttp.py:161] [basehttp:log_message] [INFO]- "GET /static/admin/css/responsive.css?_=20180905 HTTP/1.1" 200 18545
[2021-09-07 13:19:49,651] [basehttp.py:161] [basehttp:log_message] [INFO]- "GET /static/admin/js/jquery.init.js HTTP/1.1" 200 347
[2021-09-07 13:19:49,652] [basehttp.py:161] [basehttp:log_message] [INFO]- "GET /static/admin/js/admin/RelatedObjectLookups.js HTTP/1.1" 200 5984
[2021-09-07 13:19:49,653] [basehttp.py:161] [basehttp:log_message] [INFO]- "GET /static/admin/js/core.js HTTP/1.1" 200 5698
[2021-09-07 13:19:49,656] [basehttp.py:161] [basehttp:log_message] [INFO]- "GET /static/admin/js/actions.js HTTP/1.1" 200 7664
[2021-09-07 13:19:49,662] [basehttp.py:161] [basehttp:log_message] [INFO]- "GET /static/admin/css/fonts.css HTTP/1.1" 200 423
[2021-09-07 13:19:49,665] [basehttp.py:161] [basehttp:log_message] [INFO]- "GET /static/admin/js/prepopulate.js HTTP/1.1" 200 1531
[2021-09-07 13:19:49,666] [basehttp.py:161] [basehttp:log_message] [INFO]- "GET /static/admin/js/urlify.js HTTP/1.1" 200 7902
[2021-09-07 13:19:49,674] [basehttp.py:161] [basehttp:log_message] [INFO]- "GET /static/admin/simpleui-x/automatic/segment.js HTTP/1.1" 200 1186
[2021-09-07 13:19:49,675] [basehttp.py:161] [basehttp:log_message] [INFO]- "GET /static/admin/simpleui-x/automatic/dicts.js HTTP/1.1" 200 6292
[2021-09-07 13:19:49,679] [basehttp.py:161] [basehttp:log_message] [INFO]- "GET /static/admin/js/vendor/jquery/jquery.min.js HTTP/1.1" 200 89476
[2021-09-07 13:19:49,680] [basehttp.py:161] [basehttp:log_message] [INFO]- "GET /static/admin/js/vendor/jquery/jquery.js HTTP/1.1" 200 287630
[2021-09-07 13:19:49,681] [basehttp.py:161] [basehttp:log_message] [INFO]- "GET /static/admin/js/vendor/xregexp/xregexp.js HTTP/1.1" 200 232381
[2021-09-07 13:19:49,685] [basehttp.py:161] [basehttp:log_message] [INFO]- "GET /static/admin/simpleui-x/js/axios.min.js HTTP/1.1" 200 14237
[2021-09-07 13:19:49,789] [basehttp.py:161] [basehttp:log_message] [INFO]- "GET /jsi18n/ HTTP/1.1" 200 8398
[2021-09-07 13:19:50,073] [basehttp.py:161] [basehttp:log_message] [INFO]- "GET /static/admin/fonts/Roboto-Regular-webfont.woff HTTP/1.1" 200 85876
[2021-09-07 13:19:50,073] [basehttp.py:161] [basehttp:log_message] [INFO]- "GET /static/admin/fonts/Roboto-Bold-webfont.woff HTTP/1.1" 200 86184
[2021-09-07 13:19:52,767] [basehttp.py:161] [basehttp:log_message] [INFO]- "GET /Miracle/miraclebill/ HTTP/1.1" 200 45368
[2021-09-07 13:19:52,948] [basehttp.py:161] [basehttp:log_message] [INFO]- "GET /jsi18n/ HTTP/1.1" 200 8398
[2021-09-07 13:19:53,022] [basehttp.py:161] [basehttp:log_message] [INFO]- "GET /static/admin/img/sorting-icons.svg HTTP/1.1" 200 1097
[2021-09-07 13:19:53,045] [basehttp.py:161] [basehttp:log_message] [INFO]- "GET /static/admin/fonts/Roboto-Light-webfont.woff HTTP/1.1" 200 85692
[2021-09-07 13:20:12,492] [basehttp.py:161] [basehttp:log_message] [INFO]- "GET /Miracle/miraclenumber/ HTTP/1.1" 200 72815
[2021-09-07 13:20:12,665] [basehttp.py:161] [basehttp:log_message] [INFO]- "GET /jsi18n/ HTTP/1.1" 200 8398
[2021-09-07 13:20:18,843] [basehttp.py:161] [basehttp:log_message] [INFO]- "GET /crm/NumberOrganizeReport/ HTTP/1.1" 200 11828
[2021-09-07 13:20:25,249] [basehttp.py:161] [basehttp:log_message] [INFO]- "GET /crm/NumberReport/ HTTP/1.1" 200 5960
[2021-09-07 13:20:31,812] [basehttp.py:161] [basehttp:log_message] [INFO]- "GET /Miracle/miracleorders/ HTTP/1.1" 200 43948
[2021-09-07 13:20:31,972] [basehttp.py:161] [basehttp:log_message] [INFO]- "GET /jsi18n/ HTTP/1.1" 200 8398
[2021-09-07 13:21:39,632] [basehttp.py:161] [basehttp:log_message] [INFO]- "GET / HTTP/1.1" 200 22568
