[2021-09-06 19:39:18,718] [autoreload.py:636] [autoreload:run_with_reloader] [INFO]- Watching for file changes with StatReloader
[2021-09-06 19:39:20,483] [basehttp.py:161] [basehttp:log_message] [INFO]- "GET /Miracle/MiracleOrders HTTP/1.1" 302 0
[2021-09-06 19:39:20,539] [basehttp.py:161] [basehttp:log_message] [INFO]- "GET /admin/login/?next=/Miracle/MiracleOrders HTTP/1.1" 200 4114
[2021-09-06 19:39:20,563] [basehttp.py:161] [basehttp:log_message] [INFO]- "GET /static/admin/simpleui-x/fontawesome-free-5.8.1-web/css/all.min.css HTTP/1.1" 200 55111
[2021-09-06 19:39:20,565] [basehttp.py:161] [basehttp:log_message] [INFO]- "GET /static/admin/simpleui-x/css/login.css?_=2.1 HTTP/1.1" 200 500
[2021-09-06 19:39:20,567] [basehttp.py:161] [basehttp:log_message] [INFO]- "GET /static/admin/simpleui-x/elementui/theme-chalk/index.css HTTP/1.1" 200 232478
[2021-09-06 19:39:20,587] [basehttp.py:161] [basehttp:log_message] [INFO]- "GET /static/admin/simpleui-x/js/login.js?_=3.3 HTTP/1.1" 200 669
[2021-09-06 19:39:20,589] [basehttp.py:161] [basehttp:log_message] [INFO]- "GET /static/admin/simpleui-x/particles/app.js HTTP/1.1" 200 3728
[2021-09-06 19:39:20,591] [basehttp.py:161] [basehttp:log_message] [INFO]- "GET /static/admin/simpleui-x/particles/particles.js HTTP/1.1" 200 51264
[2021-09-06 19:39:20,592] [basehttp.py:161] [basehttp:log_message] [INFO]- "GET /static/admin/simpleui-x/js/vue.min.js?_=2021.5.21 HTTP/1.1" 200 93675
[2021-09-06 19:39:20,604] [basehttp.py:161] [basehttp:log_message] [INFO]- "GET /static/admin/simpleui-x/img/bg.svg HTTP/1.1" 200 9547
[2021-09-06 19:39:20,604] [basehttp.py:161] [basehttp:log_message] [INFO]- "GET /static/images/Miracle-Logo-1.png HTTP/1.1" 200 24169
[2021-09-06 19:39:20,610] [basehttp.py:161] [basehttp:log_message] [INFO]- "GET /static/admin/simpleui-x/elementui/index.js?_=2021.5.21 HTTP/1.1" 200 567853
[2021-09-06 19:39:20,773] [basehttp.py:161] [basehttp:log_message] [INFO]- "GET /static/admin/simpleui-x/fontawesome-free-5.8.1-web/webfonts/fa-solid-900.woff2 HTTP/1.1" 200 74256
[2021-09-06 19:39:20,861] [basehttp.py:161] [basehttp:log_message] [INFO]- "GET /favicon.ico HTTP/1.1" 302 0
[2021-09-06 19:39:20,881] [basehttp.py:161] [basehttp:log_message] [INFO]- "GET /admin/login/?next=/favicon.ico HTTP/1.1" 200 4094
[2021-09-06 19:39:31,295] [basehttp.py:161] [basehttp:log_message] [INFO]- "GET /api-auth HTTP/1.1" 302 0
[2021-09-06 19:39:31,317] [basehttp.py:161] [basehttp:log_message] [INFO]- "GET /admin/login/?next=/api-auth HTTP/1.1" 200 4088
[2021-09-06 19:39:31,492] [basehttp.py:161] [basehttp:log_message] [INFO]- "GET /favicon.ico HTTP/1.1" 302 0
[2021-09-06 19:39:31,505] [basehttp.py:161] [basehttp:log_message] [INFO]- "GET /admin/login/?next=/favicon.ico HTTP/1.1" 200 4094
[2021-09-06 19:39:50,662] [basehttp.py:161] [basehttp:log_message] [INFO]- "GET /api-auth/ HTTP/1.1" 302 0
[2021-09-06 19:39:50,681] [basehttp.py:161] [basehttp:log_message] [INFO]- "GET /admin/login/?next=/api-auth/ HTTP/1.1" 200 4090
[2021-09-06 19:39:50,852] [basehttp.py:161] [basehttp:log_message] [INFO]- "GET /favicon.ico HTTP/1.1" 302 0
[2021-09-06 19:39:50,872] [basehttp.py:161] [basehttp:log_message] [INFO]- "GET /admin/login/?next=/favicon.ico HTTP/1.1" 200 4094
[2021-09-06 19:40:24,277] [autoreload.py:250] [autoreload:trigger_reload] [INFO]- E:\djangoProject\djangoProject\urls.py changed, reloading.
[2021-09-06 19:40:32,230] [autoreload.py:636] [autoreload:run_with_reloader] [INFO]- Watching for file changes with StatReloader
[2021-09-06 19:40:33,468] [basehttp.py:161] [basehttp:log_message] [INFO]- "GET /Miracle/MiracleOrders HTTP/1.1" 302 0
[2021-09-06 19:40:33,487] [basehttp.py:161] [basehttp:log_message] [INFO]- "GET /admin/login/?next=/Miracle/MiracleOrders HTTP/1.1" 200 4114
[2021-09-06 19:40:33,768] [basehttp.py:161] [basehttp:log_message] [INFO]- "GET /favicon.ico HTTP/1.1" 302 0
[2021-09-06 19:40:33,791] [basehttp.py:161] [basehttp:log_message] [INFO]- "GET /admin/login/?next=/favicon.ico HTTP/1.1" 200 4094
[2021-09-06 19:40:56,677] [autoreload.py:250] [autoreload:trigger_reload] [INFO]- E:\djangoProject\djangoProject\urls.py changed, reloading.
[2021-09-06 19:40:59,258] [autoreload.py:636] [autoreload:run_with_reloader] [INFO]- Watching for file changes with StatReloader
[2021-09-06 19:41:00,797] [basehttp.py:161] [basehttp:log_message] [INFO]- "GET /admin/login/?next=/Miracle/MiracleOrders HTTP/1.1" 302 0
[2021-09-06 19:41:00,845] [basehttp.py:161] [basehttp:log_message] [INFO]- "GET /login/?next=/admin/login/%3Fnext%3D/Miracle/MiracleOrders HTTP/1.1" 200 4150
[2021-09-06 19:41:01,030] [basehttp.py:161] [basehttp:log_message] [INFO]- "GET /favicon.ico HTTP/1.1" 302 0
[2021-09-06 19:41:01,063] [basehttp.py:161] [basehttp:log_message] [INFO]- "GET /login/?next=/favicon.ico HTTP/1.1" 200 4088
[2021-09-06 19:41:11,468] [basehttp.py:161] [basehttp:log_message] [INFO]- "GET /api HTTP/1.1" 302 0
[2021-09-06 19:41:11,486] [basehttp.py:161] [basehttp:log_message] [INFO]- "GET /login/?next=/api HTTP/1.1" 200 4072
[2021-09-06 19:41:11,635] [basehttp.py:161] [basehttp:log_message] [INFO]- "GET /favicon.ico HTTP/1.1" 302 0
[2021-09-06 19:41:11,665] [basehttp.py:161] [basehttp:log_message] [INFO]- "GET /login/?next=/favicon.ico HTTP/1.1" 200 4088
[2021-09-06 19:41:17,947] [basehttp.py:161] [basehttp:log_message] [INFO]- "GET /api/ HTTP/1.1" 200 5503
[2021-09-06 19:41:17,996] [basehttp.py:161] [basehttp:log_message] [INFO]- "GET /static/rest_framework/js/jquery-3.5.1.min.js HTTP/1.1" 200 89476
[2021-09-06 19:41:18,002] [basehttp.py:161] [basehttp:log_message] [INFO]- "GET /static/rest_framework/css/bootstrap-tweaks.css HTTP/1.1" 200 3385
[2021-09-06 19:41:18,002] [basehttp.py:161] [basehttp:log_message] [INFO]- "GET /static/rest_framework/css/default.css HTTP/1.1" 200 1152
[2021-09-06 19:41:18,004] [basehttp.py:161] [basehttp:log_message] [INFO]- "GET /static/rest_framework/css/prettify.css HTTP/1.1" 200 817
[2021-09-06 19:41:18,007] [basehttp.py:161] [basehttp:log_message] [INFO]- "GET /static/rest_framework/js/csrf.js HTTP/1.1" 200 1719
[2021-09-06 19:41:18,009] [basehttp.py:161] [basehttp:log_message] [INFO]- "GET /static/rest_framework/js/ajax-form.js HTTP/1.1" 200 3597
[2021-09-06 19:41:18,014] [basehttp.py:161] [basehttp:log_message] [INFO]- "GET /static/rest_framework/js/default.js HTTP/1.1" 200 1268
[2021-09-06 19:41:18,015] [basehttp.py:161] [basehttp:log_message] [INFO]- "GET /static/rest_framework/js/prettify-min.js HTTP/1.1" 200 13632
[2021-09-06 19:41:18,015] [basehttp.py:161] [basehttp:log_message] [INFO]- "GET /static/rest_framework/js/bootstrap.min.js HTTP/1.1" 200 39680
[2021-09-06 19:41:18,016] [basehttp.py:161] [basehttp:log_message] [INFO]- "GET /static/rest_framework/css/bootstrap.min.css HTTP/1.1" 200 121457
[2021-09-06 19:41:18,041] [basehttp.py:161] [basehttp:log_message] [INFO]- "GET /static/rest_framework/img/grid.png HTTP/1.1" 200 1458
[2021-09-06 19:41:18,124] [basehttp.py:161] [basehttp:log_message] [INFO]- "GET /favicon.ico HTTP/1.1" 302 0
[2021-09-06 19:41:18,134] [basehttp.py:161] [basehttp:log_message] [INFO]- "GET /login/?next=/favicon.ico HTTP/1.1" 200 4088
[2021-09-06 19:41:23,968] [basehttp.py:161] [basehttp:log_message] [INFO]- "GET /api/MiracleNumber/ HTTP/1.1" 200 138710
[2021-09-06 19:41:24,416] [basehttp.py:161] [basehttp:log_message] [INFO]- "GET /favicon.ico HTTP/1.1" 302 0
[2021-09-06 19:41:24,432] [basehttp.py:161] [basehttp:log_message] [INFO]- "GET /login/?next=/favicon.ico HTTP/1.1" 200 4088
[2021-09-06 19:48:57,401] [log.py:224] [log:log_response] [WARNING]- Forbidden: /api/MiracleNumber/
[2021-09-06 19:48:57,402] [basehttp.py:161] [basehttp:log_message] [WARNING]- "POST /api/MiracleNumber/ HTTP/1.1" 403 43
[2021-09-06 19:50:10,771] [log.py:224] [log:log_response] [WARNING]- Forbidden: /api/MiracleNumber/
[2021-09-06 19:50:10,771] [basehttp.py:161] [basehttp:log_message] [WARNING]- "POST /api/MiracleNumber/ HTTP/1.1" 403 43
[2021-09-06 19:50:39,325] [basehttp.py:161] [basehttp:log_message] [INFO]- "GET /api/MiracleNumber/ HTTP/1.1" 200 138710
[2021-09-06 19:50:39,743] [basehttp.py:161] [basehttp:log_message] [INFO]- "GET /favicon.ico HTTP/1.1" 302 0
[2021-09-06 19:50:39,757] [basehttp.py:161] [basehttp:log_message] [INFO]- "GET /login/?next=/favicon.ico HTTP/1.1" 200 4088
[2021-09-06 19:50:45,931] [basehttp.py:161] [basehttp:log_message] [INFO]- "GET /api/MiracleNumber/ HTTP/1.1" 200 138710
[2021-09-06 19:50:46,317] [basehttp.py:161] [basehttp:log_message] [INFO]- "GET /favicon.ico HTTP/1.1" 302 0
[2021-09-06 19:50:46,337] [basehttp.py:161] [basehttp:log_message] [INFO]- "GET /login/?next=/favicon.ico HTTP/1.1" 200 4088
[2021-09-06 19:50:47,865] [basehttp.py:161] [basehttp:log_message] [INFO]- "GET /api/MiracleNumber/?format=json HTTP/1.1" 200 55261
[2021-09-06 19:50:47,949] [basehttp.py:161] [basehttp:log_message] [INFO]- "GET /favicon.ico HTTP/1.1" 302 0
[2021-09-06 19:50:47,964] [basehttp.py:161] [basehttp:log_message] [INFO]- "GET /login/?next=/favicon.ico HTTP/1.1" 200 4088
[2021-09-06 19:50:50,788] [basehttp.py:161] [basehttp:log_message] [INFO]- "GET /favicon.ico HTTP/1.1" 302 0
[2021-09-06 19:50:50,810] [basehttp.py:161] [basehttp:log_message] [INFO]- "GET /login/?next=/favicon.ico HTTP/1.1" 200 4088
[2021-09-06 19:50:53,989] [basehttp.py:161] [basehttp:log_message] [INFO]- "GET /api/MiracleNumber/?format=api HTTP/1.1" 200 138765
[2021-09-06 19:50:54,369] [basehttp.py:161] [basehttp:log_message] [INFO]- "GET /favicon.ico HTTP/1.1" 302 0
[2021-09-06 19:50:54,379] [basehttp.py:161] [basehttp:log_message] [INFO]- "GET /login/?next=/favicon.ico HTTP/1.1" 200 4088
[2021-09-06 19:50:56,543] [basehttp.py:161] [basehttp:log_message] [INFO]- "GET /api/MiracleNumber/?format=json HTTP/1.1" 200 55261
[2021-09-06 19:50:56,608] [basehttp.py:161] [basehttp:log_message] [INFO]- "GET /favicon.ico HTTP/1.1" 302 0
[2021-09-06 19:50:56,624] [basehttp.py:161] [basehttp:log_message] [INFO]- "GET /login/?next=/favicon.ico HTTP/1.1" 200 4088
[2021-09-06 19:51:00,869] [basehttp.py:161] [basehttp:log_message] [INFO]- "GET /favicon.ico HTTP/1.1" 302 0
[2021-09-06 19:51:00,893] [basehttp.py:161] [basehttp:log_message] [INFO]- "GET /login/?next=/favicon.ico HTTP/1.1" 200 4088
[2021-09-06 19:51:06,779] [basehttp.py:161] [basehttp:log_message] [INFO]- "GET /api/MiracleNumber/?format=json HTTP/1.1" 200 55261
[2021-09-06 19:51:06,872] [basehttp.py:161] [basehttp:log_message] [INFO]- "GET /favicon.ico HTTP/1.1" 302 0
[2021-09-06 19:51:06,882] [basehttp.py:161] [basehttp:log_message] [INFO]- "GET /login/?next=/favicon.ico HTTP/1.1" 200 4088
[2021-09-06 19:51:25,976] [basehttp.py:161] [basehttp:log_message] [INFO]- "GET /favicon.ico HTTP/1.1" 302 0
[2021-09-06 19:51:28,191] [log.py:224] [log:log_response] [WARNING]- Forbidden: /api/MiracleNumber/
[2021-09-06 19:51:28,191] [basehttp.py:161] [basehttp:log_message] [WARNING]- "POST /api/MiracleNumber/?format=json HTTP/1.1" 403 43
[2021-09-06 19:55:00,426] [log.py:224] [log:log_response] [WARNING]- Unsupported Media Type: /api/MiracleNumber/
[2021-09-06 19:55:00,427] [basehttp.py:161] [basehttp:log_message] [WARNING]- "POST /api/MiracleNumber/?format=json HTTP/1.1" 415 66
[2021-09-06 19:55:33,507] [log.py:224] [log:log_response] [WARNING]- Unsupported Media Type: /api/MiracleNumber/
[2021-09-06 19:55:33,509] [basehttp.py:161] [basehttp:log_message] [WARNING]- "POST /api/MiracleNumber/?format=json HTTP/1.1" 415 66
[2021-09-06 19:55:52,686] [log.py:224] [log:log_response] [WARNING]- Unsupported Media Type: /api/MiracleNumber/
[2021-09-06 19:55:52,687] [basehttp.py:161] [basehttp:log_message] [WARNING]- "POST /api/MiracleNumber/?format=json HTTP/1.1" 415 66
[2021-09-06 19:56:26,640] [log.py:224] [log:log_response] [WARNING]- Unsupported Media Type: /api/MiracleNumber/
[2021-09-06 19:56:26,640] [basehttp.py:161] [basehttp:log_message] [WARNING]- "POST /api/MiracleNumber/?format=json HTTP/1.1" 415 66
[2021-09-06 19:58:30,985] [basehttp.py:161] [basehttp:log_message] [INFO]- "GET /api/MiracleNumber/?format=json&%7B%22name%22:%20%22test_repo%22,%20%22description%22:%20%22Some%20test%20repo%22%7D HTTP/1.1" 200 55261
[2021-09-06 19:58:52,296] [basehttp.py:161] [basehttp:log_message] [INFO]- "GET /api/MiracleNumber/?format=json&%7B%22name%22:%20%22test_repo%22,%20%22description%22:%20%22Some%20test%20repo%22%7D HTTP/1.1" 200 55261
[2021-09-06 19:59:14,757] [basehttp.py:161] [basehttp:log_message] [INFO]- "GET /api/MiracleNumber/?format=json&%7B%22name%22:%20%22test_repo%22,%20%22description%22:%20%22Some%20test%20repo%22%7D HTTP/1.1" 200 55261
[2021-09-06 20:01:34,953] [basehttp.py:161] [basehttp:log_message] [INFO]- "GET /api/MiracleNumber/?format=json&%7B%22name%22:%20%22test_repo%22,%20%22description%22:%20%22Some%20test%20repo%22%7D HTTP/1.1" 200 55261
[2021-09-06 20:02:16,592] [basehttp.py:161] [basehttp:log_message] [INFO]- "GET /api/MiracleNumber/?format=json&%7B%22name%22:%20%22test_repo%22,%20%22description%22:%20%22Some%20test%20repo%22%7D HTTP/1.1" 200 55261
[2021-09-06 20:02:27,568] [basehttp.py:161] [basehttp:log_message] [INFO]- "GET /api/MiracleNumber/?format=json&%7B%22name%22:%20%22test_repo%22,%20%22description%22:%20%22Some%20test%20repo%22%7D HTTP/1.1" 200 55261
[2021-09-06 20:04:41,575] [basehttp.py:161] [basehttp:log_message] [INFO]- "GET /api/MiracleNumber/?format=json&%7B%22name%22:%20%22test_repo%22,%20%22description%22:%20%22Some%20test%20repo%22%7D HTTP/1.1" 200 55261
[2021-09-06 20:05:07,207] [basehttp.py:161] [basehttp:log_message] [INFO]- "GET /api/MiracleNumber/?format=json&%7B%22name%22:%20%22test_repo%22,%20%22description%22:%20%22Some%20test%20repo%22%7D HTTP/1.1" 200 55261
[2021-09-06 20:08:37,258] [basehttp.py:161] [basehttp:log_message] [INFO]- "GET /api/MiracleNumber/?format=json&%7B%22name%22:%20%22test_repo%22,%20%22description%22:%20%22Some%20test%20repo%22%7D HTTP/1.1" 200 55261
[2021-09-06 20:08:39,735] [basehttp.py:161] [basehttp:log_message] [INFO]- "GET /api/MiracleNumber/?format=json&%7B%22name%22:%20%22test_repo%22,%20%22description%22:%20%22Some%20test%20repo%22%7D HTTP/1.1" 200 55261
[2021-09-06 20:12:04,101] [basehttp.py:161] [basehttp:log_message] [INFO]- "GET /api/MiracleNumber/?format=json&%7B%22name%22:%20%22test_repo%22,%20%22description%22:%20%22Some%20test%20repo%22%7D HTTP/1.1" 200 55261
[2021-09-06 20:13:14,230] [basehttp.py:161] [basehttp:log_message] [INFO]- "GET /api/MiracleNumber/?format=json&%7B%22name%22:%20%22test_repo%22,%20%22description%22:%20%22Some%20test%20repo%22%7D HTTP/1.1" 200 55261
[2021-09-06 20:13:47,965] [basehttp.py:161] [basehttp:log_message] [INFO]- "GET /api/MiracleNumber/?format=json&%7B%22name%22:%20%22test_repo%22,%20%22description%22:%20%22Some%20test%20repo%22%7D HTTP/1.1" 200 55261
[2021-09-06 20:14:15,418] [basehttp.py:161] [basehttp:log_message] [INFO]- "GET /api/MiracleNumber/?format=json&%7B%22name%22:%20%22test_repo%22,%20%22description%22:%20%22Some%20test%20repo%22%7D HTTP/1.1" 200 55261
[2021-09-06 20:14:32,664] [basehttp.py:161] [basehttp:log_message] [INFO]- "GET /api/MiracleNumber/?format=json&%7B%22name%22:%20%22test_repo%22,%20%22description%22:%20%22Some%20test%20repo%22%7D HTTP/1.1" 200 55261
[2021-09-06 20:14:37,351] [basehttp.py:161] [basehttp:log_message] [INFO]- "GET /api/MiracleNumber/?format=json&%7B%22name%22:%20%22test_repo%22,%20%22description%22:%20%22Some%20test%20repo%22%7D HTTP/1.1" 200 55261
[2021-09-06 20:15:03,627] [basehttp.py:161] [basehttp:log_message] [INFO]- "GET /api/MiracleNumber/?format=json&%7B%22name%22:%20%22test_repo%22,%20%22description%22:%20%22Some%20test%20repo%22%7D HTTP/1.1" 200 55261
[2021-09-06 20:15:51,480] [basehttp.py:161] [basehttp:log_message] [INFO]- "GET /api/MiracleNumber/?format=json&%7B%22name%22:%20%22test_repo%22,%20%22description%22:%20%22Some%20test%20repo%22%7D HTTP/1.1" 200 55261
[2021-09-06 20:16:12,341] [basehttp.py:161] [basehttp:log_message] [INFO]- "GET /api/MiracleNumber/?format=json&%7B%22name%22:%20%22test_repo%22,%20%22description%22:%20%22Some%20test%20repo%22%7D HTTP/1.1" 200 55261
[2021-09-06 20:16:46,516] [autoreload.py:250] [autoreload:trigger_reload] [INFO]- E:\djangoProject\djangoProject\urls.py changed, reloading.
[2021-09-06 20:16:48,503] [autoreload.py:636] [autoreload:run_with_reloader] [INFO]- Watching for file changes with StatReloader
[2021-09-06 20:17:05,225] [basehttp.py:161] [basehttp:log_message] [INFO]- "GET /api/MiracleNumber/?format=json&%7B%22name%22:%20%22test_repo%22,%20%22description%22:%20%22Some%20test%20repo%22%7D HTTP/1.1" 200 64621
[2021-09-06 20:59:04,784] [basehttp.py:161] [basehttp:log_message] [INFO]- "GET /api/MiracleNumber/?format=json&%7B%22name%22:%20%22test_repo%22,%20%22description%22:%20%22Some%20test%20repo%22%7D HTTP/1.1" 200 64621
[2021-09-06 21:00:25,021] [basehttp.py:161] [basehttp:log_message] [INFO]- "GET /api/MiracleNumber/?format=json&%7B%22name%22:%20%22test_repo%22,%20%22description%22:%20%22Some%20test%20repo%22%7D HTTP/1.1" 200 64621
[2021-09-06 21:00:50,154] [basehttp.py:161] [basehttp:log_message] [INFO]- "GET /api/MiracleNumber/?format=json&%7B%22name%22:%20%22test_repo%22,%20%22description%22:%20%22Some%20test%20repo%22%7D HTTP/1.1" 200 64621
[2021-09-06 21:14:02,542] [basehttp.py:161] [basehttp:log_message] [INFO]- "GET /api/MiracleNumber/?format=json&%7B%22name%22:%20%22test_repo%22,%20%22description%22:%20%22Some%20test%20repo%22%7D HTTP/1.1" 200 64621
[2021-09-06 21:22:00,792] [basehttp.py:161] [basehttp:log_message] [INFO]- "GET /api/MiracleNumber/?format=json&%7B%22name%22:%20%22test_repo%22,%20%22description%22:%20%22Some%20test%20repo%22%7D HTTP/1.1" 200 64621
[2021-09-06 21:24:29,488] [basehttp.py:161] [basehttp:log_message] [INFO]- "GET /api/MiracleNumber/?format=json&%7B%22name%22:%20%22test_repo%22,%20%22description%22:%20%22Some%20test%20repo%22%7D HTTP/1.1" 200 64621
[2021-09-06 21:24:31,885] [basehttp.py:161] [basehttp:log_message] [INFO]- "GET /api/MiracleNumber/?format=json&%7B%22name%22:%20%22test_repo%22,%20%22description%22:%20%22Some%20test%20repo%22%7D HTTP/1.1" 200 64621
[2021-09-06 21:24:34,729] [basehttp.py:161] [basehttp:log_message] [INFO]- "GET /api/MiracleNumber/?format=json&%7B%22name%22:%20%22test_repo%22,%20%22description%22:%20%22Some%20test%20repo%22%7D HTTP/1.1" 200 64621
[2021-09-06 21:28:09,882] [basehttp.py:161] [basehttp:log_message] [INFO]- "GET /api/MiracleNumber/?format=json&%7B%22name%22:%20%22test_repo%22,%20%22description%22:%20%22Some%20test%20repo%22%7D HTTP/1.1" 200 64621
[2021-09-06 21:28:12,189] [basehttp.py:161] [basehttp:log_message] [INFO]- "GET /api/MiracleNumber/?format=json&%7B%22name%22:%20%22test_repo%22,%20%22description%22:%20%22Some%20test%20repo%22%7D HTTP/1.1" 200 64621
[2021-09-06 21:28:41,841] [basehttp.py:161] [basehttp:log_message] [INFO]- "GET /api/MiracleNumber/?format=json&%7B%22name%22:%20%22test_repo%22,%20%22description%22:%20%22Some%20test%20repo%22%7D HTTP/1.1" 200 64621
[2021-09-06 21:38:36,728] [basehttp.py:161] [basehttp:log_message] [INFO]- "GET /api/MiracleNumber/?format=json&%7B%22name%22:%20%22test_repo%22,%20%22description%22:%20%22Some%20test%20repo%22%7D HTTP/1.1" 200 64621
[2021-09-06 21:43:22,488] [basehttp.py:161] [basehttp:log_message] [INFO]- "GET /api/MiracleNumber/?format=json&%7B%22name%22:%20%22test_repo%22,%20%22description%22:%20%22Some%20test%20repo%22%7D HTTP/1.1" 200 64621
[2021-09-06 21:43:24,584] [basehttp.py:161] [basehttp:log_message] [INFO]- "GET /api/MiracleNumber/?format=json&%7B%22name%22:%20%22test_repo%22,%20%22description%22:%20%22Some%20test%20repo%22%7D HTTP/1.1" 200 64621
[2021-09-06 21:43:45,690] [basehttp.py:161] [basehttp:log_message] [INFO]- "GET /api/MiracleNumber/?format=json&%7B%22name%22:%20%22test_repo%22,%20%22description%22:%20%22Some%20test%20repo%22%7D HTTP/1.1" 200 64621
[2021-09-06 21:45:25,773] [basehttp.py:161] [basehttp:log_message] [INFO]- "GET /api/MiracleNumber/?format=json&%7B%22name%22:%20%22test_repo%22,%20%22description%22:%20%22Some%20test%20repo%22%7D HTTP/1.1" 200 64621
[2021-09-06 21:47:10,094] [basehttp.py:161] [basehttp:log_message] [INFO]- "GET /api/MiracleNumber/?format=json&%7B%22name%22:%20%22test_repo%22,%20%22description%22:%20%22Some%20test%20repo%22%7D HTTP/1.1" 200 64621
[2021-09-06 21:47:12,905] [basehttp.py:161] [basehttp:log_message] [INFO]- "GET /api/MiracleNumber/?format=json&%7B%22name%22:%20%22test_repo%22,%20%22description%22:%20%22Some%20test%20repo%22%7D HTTP/1.1" 200 64621
[2021-09-06 21:47:29,965] [basehttp.py:161] [basehttp:log_message] [INFO]- "GET /api/MiracleNumber/?format=json&%7B%22name%22:%20%22test_repo%22,%20%22description%22:%20%22Some%20test%20repo%22%7D HTTP/1.1" 200 64621
[2021-09-06 21:47:55,030] [basehttp.py:161] [basehttp:log_message] [INFO]- "GET /api/MiracleNumber/?format=json&%7B%22name%22:%20%22test_repo%22,%20%22description%22:%20%22Some%20test%20repo%22%7D HTTP/1.1" 200 64621
[2021-09-06 21:50:50,767] [basehttp.py:161] [basehttp:log_message] [INFO]- "GET /api/MiracleNumber/?format=json&%7B%22name%22:%20%22test_repo%22,%20%22description%22:%20%22Some%20test%20repo%22%7D HTTP/1.1" 200 64621
[2021-09-06 21:50:53,705] [basehttp.py:161] [basehttp:log_message] [INFO]- "GET /api/MiracleNumber/?format=json&%7B%22name%22:%20%22test_repo%22,%20%22description%22:%20%22Some%20test%20repo%22%7D HTTP/1.1" 200 64621
[2021-09-06 21:50:58,210] [basehttp.py:161] [basehttp:log_message] [INFO]- "GET /api/MiracleNumber/?format=json&%7B%22name%22:%20%22test_repo%22,%20%22description%22:%20%22Some%20test%20repo%22%7D HTTP/1.1" 200 64621
[2021-09-06 21:51:00,520] [basehttp.py:161] [basehttp:log_message] [INFO]- "GET /api/MiracleNumber/?format=json&%7B%22name%22:%20%22test_repo%22,%20%22description%22:%20%22Some%20test%20repo%22%7D HTTP/1.1" 200 64621
[2021-09-06 21:51:02,820] [basehttp.py:161] [basehttp:log_message] [INFO]- "GET /api/MiracleNumber/?format=json&%7B%22name%22:%20%22test_repo%22,%20%22description%22:%20%22Some%20test%20repo%22%7D HTTP/1.1" 200 64621
[2021-09-06 21:58:22,247] [basehttp.py:161] [basehttp:log_message] [INFO]- "GET /api/MiracleNumber/?format=json&%7B%22name%22:%20%22test_repo%22,%20%22description%22:%20%22Some%20test%20repo%22%7D HTTP/1.1" 200 64621
[2021-09-06 21:58:43,097] [basehttp.py:161] [basehttp:log_message] [INFO]- "GET /api/MiracleNumber/?format=json&%7B%22name%22:%20%22test_repo%22,%20%22description%22:%20%22Some%20test%20repo%22%7D HTTP/1.1" 200 64621
[2021-09-06 21:58:54,459] [basehttp.py:161] [basehttp:log_message] [INFO]- "GET /api/MiracleNumber/?format=json&%7B%22name%22:%20%22test_repo%22,%20%22description%22:%20%22Some%20test%20repo%22%7D HTTP/1.1" 200 64621
[2021-09-06 22:09:52,808] [basehttp.py:161] [basehttp:log_message] [INFO]- "GET /api/MiracleNumber/?format=json&%7B%22name%22:%20%22test_repo%22,%20%22description%22:%20%22Some%20test%20repo%22%7D HTTP/1.1" 200 64621
[2021-09-06 22:10:19,471] [basehttp.py:161] [basehttp:log_message] [INFO]- "GET /api/MiracleNumber/?format=json&%7B%22name%22:%20%22test_repo%22,%20%22description%22:%20%22Some%20test%20repo%22%7D HTTP/1.1" 200 64621
[2021-09-06 22:10:29,636] [basehttp.py:161] [basehttp:log_message] [INFO]- "GET /api/MiracleNumber/?format=json&%7B%22name%22:%20%22test_repo%22,%20%22description%22:%20%22Some%20test%20repo%22%7D HTTP/1.1" 200 64621
[2021-09-06 22:10:49,869] [basehttp.py:161] [basehttp:log_message] [INFO]- "GET /api/MiracleNumber/?format=json&%7B%22name%22:%20%22test_repo%22,%20%22description%22:%20%22Some%20test%20repo%22%7D HTTP/1.1" 200 64621
[2021-09-06 22:10:52,238] [basehttp.py:161] [basehttp:log_message] [INFO]- "GET /api/MiracleNumber/?format=json&%7B%22name%22:%20%22test_repo%22,%20%22description%22:%20%22Some%20test%20repo%22%7D HTTP/1.1" 200 64621
[2021-09-06 22:11:28,892] [basehttp.py:161] [basehttp:log_message] [INFO]- "GET /api/MiracleNumber/?format=json&%7B%22name%22:%20%22test_repo%22,%20%22description%22:%20%22Some%20test%20repo%22%7D HTTP/1.1" 200 64621
[2021-09-06 22:12:36,986] [basehttp.py:161] [basehttp:log_message] [INFO]- "GET /api/MiracleNumber/?format=json&%7B%22name%22:%20%22test_repo%22,%20%22description%22:%20%22Some%20test%20repo%22%7D HTTP/1.1" 200 64621
[2021-09-06 22:12:52,187] [basehttp.py:161] [basehttp:log_message] [INFO]- "GET /api/MiracleNumber/?format=json&%7B%22name%22:%20%22test_repo%22,%20%22description%22:%20%22Some%20test%20repo%22%7D HTTP/1.1" 200 64621
[2021-09-06 22:14:02,964] [basehttp.py:161] [basehttp:log_message] [INFO]- "GET /api/MiracleNumber/?format=json&%7B%22name%22:%20%22test_repo%22,%20%22description%22:%20%22Some%20test%20repo%22%7D HTTP/1.1" 200 64621
[2021-09-06 22:14:55,337] [basehttp.py:161] [basehttp:log_message] [INFO]- "GET /api/MiracleNumber/?format=json&%7B%22name%22:%20%22test_repo%22,%20%22description%22:%20%22Some%20test%20repo%22%7D HTTP/1.1" 200 64621
[2021-09-06 22:15:41,866] [basehttp.py:161] [basehttp:log_message] [INFO]- "GET /api/MiracleNumber/?format=json&%7B%22name%22:%20%22test_repo%22,%20%22description%22:%20%22Some%20test%20repo%22%7D HTTP/1.1" 200 64621
[2021-09-06 22:28:28,463] [basehttp.py:161] [basehttp:log_message] [INFO]- "GET /api/MiracleNumber/?format=json&%7B%22name%22:%20%22test_repo%22,%20%22description%22:%20%22Some%20test%20repo%22%7D HTTP/1.1" 200 64621
[2021-09-06 22:29:00,715] [basehttp.py:161] [basehttp:log_message] [INFO]- "GET /api/MiracleNumber/?format=json&%7B%22name%22:%20%22test_repo%22,%20%22description%22:%20%22Some%20test%20repo%22%7D HTTP/1.1" 200 64621
[2021-09-06 22:29:33,903] [basehttp.py:161] [basehttp:log_message] [INFO]- "GET /api/MiracleNumber/?format=json&%7B%22name%22:%20%22test_repo%22,%20%22description%22:%20%22Some%20test%20repo%22%7D HTTP/1.1" 200 64621
[2021-09-06 22:29:47,504] [basehttp.py:161] [basehttp:log_message] [INFO]- "GET /api/MiracleNumber/?format=json&%7B%22name%22:%20%22test_repo%22,%20%22description%22:%20%22Some%20test%20repo%22%7D HTTP/1.1" 200 64621
[2021-09-06 22:29:58,308] [basehttp.py:161] [basehttp:log_message] [INFO]- "GET /api/MiracleNumber/?format=json&%7B%22name%22:%20%22test_repo%22,%20%22description%22:%20%22Some%20test%20repo%22%7D HTTP/1.1" 200 64621
[2021-09-06 22:39:12,559] [basehttp.py:161] [basehttp:log_message] [INFO]- "GET /api/MiracleNumber/?format=json&%7B%22name%22:%20%22test_repo%22,%20%22description%22:%20%22Some%20test%20repo%22%7D HTTP/1.1" 200 64621
[2021-09-06 22:39:53,171] [basehttp.py:161] [basehttp:log_message] [INFO]- "GET /api/MiracleNumber/?format=json&%7B%22name%22:%20%22test_repo%22,%20%22description%22:%20%22Some%20test%20repo%22%7D HTTP/1.1" 200 64621
[2021-09-06 22:40:23,653] [basehttp.py:161] [basehttp:log_message] [INFO]- "GET /api/MiracleNumber/?format=json&%7B%22name%22:%20%22test_repo%22,%20%22description%22:%20%22Some%20test%20repo%22%7D HTTP/1.1" 200 64621
[2021-09-06 22:41:51,089] [basehttp.py:161] [basehttp:log_message] [INFO]- "GET /api/MiracleNumber/?format=json&%7B%22name%22:%20%22test_repo%22,%20%22description%22:%20%22Some%20test%20repo%22%7D HTTP/1.1" 200 64621
[2021-09-06 22:43:25,257] [basehttp.py:161] [basehttp:log_message] [INFO]- "GET /api/MiracleNumber/?format=json&%7B%22name%22:%20%22test_repo%22,%20%22description%22:%20%22Some%20test%20repo%22%7D HTTP/1.1" 200 64621
[2021-09-06 22:43:44,532] [basehttp.py:161] [basehttp:log_message] [INFO]- "GET /api/MiracleNumber/?format=json&%7B%22name%22:%20%22test_repo%22,%20%22description%22:%20%22Some%20test%20repo%22%7D HTTP/1.1" 200 64621
[2021-09-06 22:48:49,064] [basehttp.py:161] [basehttp:log_message] [INFO]- "GET /api/MiracleNumber/?format=json&%7B%22name%22:%20%22test_repo%22,%20%22description%22:%20%22Some%20test%20repo%22%7D HTTP/1.1" 200 64621
[2021-09-06 22:50:15,971] [basehttp.py:161] [basehttp:log_message] [INFO]- "GET /api/MiracleNumber/?format=json&%7B%22name%22:%20%22test_repo%22,%20%22description%22:%20%22Some%20test%20repo%22%7D HTTP/1.1" 200 64621
[2021-09-06 22:51:18,579] [basehttp.py:161] [basehttp:log_message] [INFO]- "GET /api/MiracleNumber/?format=json&%7B%22name%22:%20%22test_repo%22,%20%22description%22:%20%22Some%20test%20repo%22%7D HTTP/1.1" 200 64621
[2021-09-06 22:51:59,061] [basehttp.py:161] [basehttp:log_message] [INFO]- "GET /api/MiracleNumber/?format=json&%7B%22name%22:%20%22test_repo%22,%20%22description%22:%20%22Some%20test%20repo%22%7D HTTP/1.1" 200 64621
[2021-09-06 22:52:16,489] [basehttp.py:161] [basehttp:log_message] [INFO]- "GET /api/MiracleNumber/?format=json&%7B%22name%22:%20%22test_repo%22,%20%22description%22:%20%22Some%20test%20repo%22%7D HTTP/1.1" 200 64621
[2021-09-06 22:52:52,769] [basehttp.py:161] [basehttp:log_message] [INFO]- "GET /api/MiracleNumber/?format=json&%7B%22name%22:%20%22test_repo%22,%20%22description%22:%20%22Some%20test%20repo%22%7D HTTP/1.1" 200 64621
[2021-09-06 23:07:23,321] [basehttp.py:161] [basehttp:log_message] [INFO]- "GET /api/MiracleNumber/?format=json&%7B%22name%22:%20%22test_repo%22,%20%22description%22:%20%22Some%20test%20repo%22%7D HTTP/1.1" 200 64621
[2021-09-06 23:08:37,429] [basehttp.py:161] [basehttp:log_message] [INFO]- "GET /api/MiracleNumber/?format=json&%7B%22name%22:%20%22test_repo%22,%20%22description%22:%20%22Some%20test%20repo%22%7D HTTP/1.1" 200 64621
[2021-09-06 23:09:08,993] [basehttp.py:161] [basehttp:log_message] [INFO]- "GET /api/MiracleNumber/?format=json&%7B%22name%22:%20%22test_repo%22,%20%22description%22:%20%22Some%20test%20repo%22%7D HTTP/1.1" 200 64621
[2021-09-06 23:09:29,120] [basehttp.py:161] [basehttp:log_message] [INFO]- "GET /api/MiracleNumber/?format=json&%7B%22name%22:%20%22test_repo%22,%20%22description%22:%20%22Some%20test%20repo%22%7D HTTP/1.1" 200 64621
[2021-09-06 23:09:43,270] [basehttp.py:161] [basehttp:log_message] [INFO]- "GET /api/MiracleNumber/?format=json&%7B%22name%22:%20%22test_repo%22,%20%22description%22:%20%22Some%20test%20repo%22%7D HTTP/1.1" 200 64621
[2021-09-06 23:10:15,781] [basehttp.py:161] [basehttp:log_message] [INFO]- "GET /api/MiracleNumber/?format=json&%7B%22name%22:%20%22test_repo%22,%20%22description%22:%20%22Some%20test%20repo%22%7D HTTP/1.1" 200 64621
[2021-09-06 23:10:34,076] [basehttp.py:161] [basehttp:log_message] [INFO]- "GET /api/MiracleNumber/?format=json&%7B%22name%22:%20%22test_repo%22,%20%22description%22:%20%22Some%20test%20repo%22%7D HTTP/1.1" 200 64621
[2021-09-06 23:11:37,774] [basehttp.py:161] [basehttp:log_message] [INFO]- "GET /api/MiracleNumber/?format=json&%7B%22name%22:%20%22test_repo%22,%20%22description%22:%20%22Some%20test%20repo%22%7D HTTP/1.1" 200 64621
[2021-09-06 23:12:00,264] [basehttp.py:161] [basehttp:log_message] [INFO]- "GET /api/MiracleNumber/?format=json&%7B%22name%22:%20%22test_repo%22,%20%22description%22:%20%22Some%20test%20repo%22%7D HTTP/1.1" 200 64621
[2021-09-06 23:14:02,192] [basehttp.py:161] [basehttp:log_message] [INFO]- "GET /api/MiracleNumber/?format=json&%7B%22name%22:%20%22test_repo%22,%20%22description%22:%20%22Some%20test%20repo%22%7D HTTP/1.1" 200 64621
[2021-09-06 23:15:12,825] [autoreload.py:250] [autoreload:trigger_reload] [INFO]- E:\djangoProject\Miracle\models.py changed, reloading.
[2021-09-06 23:15:14,750] [autoreload.py:636] [autoreload:run_with_reloader] [INFO]- Watching for file changes with StatReloader
[2021-09-06 23:15:39,092] [basehttp.py:161] [basehttp:log_message] [INFO]- "GET /api/MiracleNumber/?format=json&%7B%22name%22:%20%22test_repo%22,%20%22description%22:%20%22Some%20test%20repo%22%7D HTTP/1.1" 200 65661
[2021-09-06 23:15:53,475] [basehttp.py:161] [basehttp:log_message] [INFO]- "GET /api/MiracleNumber/?format=json&%7B%22name%22:%20%22test_repo%22,%20%22description%22:%20%22Some%20test%20repo%22%7D HTTP/1.1" 200 65661
[2021-09-06 23:16:04,600] [basehttp.py:161] [basehttp:log_message] [INFO]- "GET /api/MiracleNumber/?format=json&%7B%22name%22:%20%22test_repo%22,%20%22description%22:%20%22Some%20test%20repo%22%7D HTTP/1.1" 200 65661
[2021-09-06 23:17:18,200] [basehttp.py:161] [basehttp:log_message] [INFO]- "GET /api/MiracleNumber/?format=json&%7B%22name%22:%20%22test_repo%22,%20%22description%22:%20%22Some%20test%20repo%22%7D HTTP/1.1" 200 65661
[2021-09-06 23:18:14,970] [basehttp.py:161] [basehttp:log_message] [INFO]- "GET /api/MiracleNumber/?format=json&%7B%22name%22:%20%22test_repo%22,%20%22description%22:%20%22Some%20test%20repo%22%7D HTTP/1.1" 200 65661
[2021-09-06 23:18:31,953] [basehttp.py:161] [basehttp:log_message] [INFO]- "GET /api/MiracleNumber/?format=json&%7B%22name%22:%20%22test_repo%22,%20%22description%22:%20%22Some%20test%20repo%22%7D HTTP/1.1" 200 65661
[2021-09-06 23:18:55,133] [basehttp.py:161] [basehttp:log_message] [INFO]- "GET /api/MiracleNumber/?format=json&%7B%22name%22:%20%22test_repo%22,%20%22description%22:%20%22Some%20test%20repo%22%7D HTTP/1.1" 200 65661
[2021-09-06 23:19:11,883] [basehttp.py:161] [basehttp:log_message] [INFO]- "GET /api/MiracleNumber/?format=json&%7B%22name%22:%20%22test_repo%22,%20%22description%22:%20%22Some%20test%20repo%22%7D HTTP/1.1" 200 65661
