[2021-09-01 10:34:50,145] [autoreload.py:636] [autoreload:run_with_reloader] [INFO]- Watching for file changes with StatReloader
[2021-09-01 10:37:10,579] [autoreload.py:250] [autoreload:trigger_reload] [INFO]- E:\djangoProject\Miracle\filters.py changed, reloading.
[2021-09-01 10:37:12,431] [autoreload.py:636] [autoreload:run_with_reloader] [INFO]- Watching for file changes with StatReloader
[2021-09-01 10:39:05,598] [autoreload.py:636] [autoreload:run_with_reloader] [INFO]- Watching for file changes with StatReloader
[2021-09-01 10:43:51,033] [autoreload.py:636] [autoreload:run_with_reloader] [INFO]- Watching for file changes with StatReloader
[2021-09-01 10:43:54,113] [basehttp.py:161] [basehttp:log_message] [INFO]- "GET /admin/ HTTP/1.1" 200 22647
[2021-09-01 10:43:54,151] [basehttp.py:161] [basehttp:log_message] [INFO]- "GET /static/admin/simpleui-x/elementui/theme-chalk/index.css HTTP/1.1" 200 232478
[2021-09-01 10:43:54,161] [basehttp.py:161] [basehttp:log_message] [INFO]- "GET /static/admin/simpleui-x/css/index.css?_=3.2 HTTP/1.1" 200 6608
[2021-09-01 10:43:54,167] [basehttp.py:161] [basehttp:log_message] [INFO]- "GET /static/admin/simpleui-x/fontawesome-free-5.8.1-web/css/all.min.css HTTP/1.1" 200 55111
[2021-09-01 10:43:54,188] [basehttp.py:161] [basehttp:log_message] [INFO]- "GET /static/admin/simpleui-x/waves/waves.min.css?_=2.1 HTTP/1.1" 200 3861
[2021-09-01 10:43:54,198] [basehttp.py:161] [basehttp:log_message] [INFO]- "GET /static/admin/simpleui-x/js/vue.min.js?_=2021.5.21 HTTP/1.1" 200 93675
[2021-09-01 10:43:54,213] [basehttp.py:161] [basehttp:log_message] [INFO]- "GET /static/admin/simpleui-x/automatic/dicts.js?_=2021.5.21 HTTP/1.1" 200 6292
[2021-09-01 10:43:54,216] [basehttp.py:161] [basehttp:log_message] [INFO]- "GET /static/admin/simpleui-x/elementui/index.js?_=2021.5.21 HTTP/1.1" 200 567853
[2021-09-01 10:43:54,271] [basehttp.py:161] [basehttp:log_message] [INFO]- "GET / HTTP/1.1" 200 5694
[2021-09-01 10:43:54,278] [basehttp.py:161] [basehttp:log_message] [INFO]- "GET /static/admin/simpleui-x/automatic/segment.js?_=2021.5.21 HTTP/1.1" 200 1186
[2021-09-01 10:43:54,349] [basehttp.py:161] [basehttp:log_message] [INFO]- "GET /static/rest_framework/css/prettify.css HTTP/1.1" 200 817
[2021-09-01 10:43:54,349] [basehttp.py:161] [basehttp:log_message] [INFO]- "GET /static/rest_framework/css/bootstrap-tweaks.css HTTP/1.1" 200 3385
[2021-09-01 10:43:54,350] [basehttp.py:161] [basehttp:log_message] [INFO]- "GET /static/rest_framework/css/default.css HTTP/1.1" 200 1152
[2021-09-01 10:43:54,362] [basehttp.py:161] [basehttp:log_message] [INFO]- "GET /static/rest_framework/js/ajax-form.js HTTP/1.1" 200 3597
[2021-09-01 10:43:54,364] [basehttp.py:161] [basehttp:log_message] [INFO]- "GET /static/rest_framework/js/jquery-3.5.1.min.js HTTP/1.1" 200 89476
[2021-09-01 10:43:54,365] [basehttp.py:161] [basehttp:log_message] [INFO]- "GET /static/rest_framework/js/csrf.js HTTP/1.1" 200 1719
[2021-09-01 10:43:54,365] [basehttp.py:161] [basehttp:log_message] [INFO]- "GET /static/rest_framework/js/prettify-min.js HTTP/1.1" 200 13632
[2021-09-01 10:43:54,366] [basehttp.py:161] [basehttp:log_message] [INFO]- "GET /static/rest_framework/css/bootstrap.min.css HTTP/1.1" 200 121457
[2021-09-01 10:43:54,369] [basehttp.py:161] [basehttp:log_message] [INFO]- "GET /static/rest_framework/js/bootstrap.min.js HTTP/1.1" 200 39680
[2021-09-01 10:43:54,380] [basehttp.py:161] [basehttp:log_message] [INFO]- "GET /static/admin/simpleui-x/locale/en-us.js?_=2021.5.21 HTTP/1.1" 200 811
[2021-09-01 10:43:54,381] [basehttp.py:161] [basehttp:log_message] [INFO]- "GET /static/rest_framework/js/default.js HTTP/1.1" 200 1268
[2021-09-01 10:43:54,382] [basehttp.py:161] [basehttp:log_message] [INFO]- "GET /static/admin/simpleui-x/locale/zh-hans.js?_=2021.5.21 HTTP/1.1" 200 1254
[2021-09-01 10:43:54,405] [basehttp.py:161] [basehttp:log_message] [INFO]- "GET /static/rest_framework/img/grid.png HTTP/1.1" 200 1458
[2021-09-01 10:43:54,422] [basehttp.py:161] [basehttp:log_message] [INFO]- "GET /static/admin/simpleui-x/js/cookie.js?_=2021.5.21 HTTP/1.1" 200 524
[2021-09-01 10:43:54,422] [basehttp.py:161] [basehttp:log_message] [INFO]- "GET /static/admin/simpleui-x/waves/waves.min.js?_=2021.5.21 HTTP/1.1" 200 6329
[2021-09-01 10:43:54,423] [basehttp.py:161] [basehttp:log_message] [INFO]- "GET /static/admin/simpleui-x/theme/theme.js?_=2021.5.21 HTTP/1.1" 200 4274
[2021-09-01 10:43:54,441] [basehttp.py:161] [basehttp:log_message] [INFO]- "GET /static/admin/simpleui-x/js/menu.js?_=2021.5.21 HTTP/1.1" 200 1189
[2021-09-01 10:43:54,446] [basehttp.py:161] [basehttp:log_message] [INFO]- "GET /static/admin/simpleui-x/js/index.js?_=2021.5.21 HTTP/1.1" 200 20820
[2021-09-01 10:43:54,959] [basehttp.py:161] [basehttp:log_message] [INFO]- "GET /static/admin/simpleui-x/elementui/theme-chalk/fonts/element-icons.woff HTTP/1.1" 200 28200
[2021-09-01 10:43:54,961] [basehttp.py:161] [basehttp:log_message] [INFO]- "GET /static/admin/simpleui-x/fontawesome-free-5.8.1-web/webfonts/fa-solid-900.woff2 HTTP/1.1" 200 74256
[2021-09-01 10:43:54,962] [basehttp.py:161] [basehttp:log_message] [INFO]- "GET /static/admin/simpleui-x/fontawesome-free-5.8.1-web/webfonts/fa-regular-400.woff2 HTTP/1.1" 200 13552
[2021-09-01 10:44:31,056] [autoreload.py:636] [autoreload:run_with_reloader] [INFO]- Watching for file changes with StatReloader
[2021-09-01 10:45:20,254] [autoreload.py:636] [autoreload:run_with_reloader] [INFO]- Watching for file changes with StatReloader
[2021-09-01 10:45:21,573] [basehttp.py:161] [basehttp:log_message] [INFO]- "GET /admin/ HTTP/1.1" 200 22647
[2021-09-01 10:45:21,622] [basehttp.py:161] [basehttp:log_message] [INFO]- "GET /static/admin/simpleui-x/css/index.css?_=3.2 HTTP/1.1" 200 6608
[2021-09-01 10:45:21,623] [basehttp.py:161] [basehttp:log_message] [INFO]- "GET /static/admin/simpleui-x/waves/waves.min.css?_=2.1 HTTP/1.1" 200 3861
[2021-09-01 10:45:21,623] [basehttp.py:161] [basehttp:log_message] [INFO]- "GET /static/admin/simpleui-x/fontawesome-free-5.8.1-web/css/all.min.css HTTP/1.1" 200 55111
[2021-09-01 10:45:21,626] [basehttp.py:161] [basehttp:log_message] [INFO]- "GET /static/admin/simpleui-x/elementui/theme-chalk/index.css HTTP/1.1" 200 232478
[2021-09-01 10:45:21,644] [basehttp.py:161] [basehttp:log_message] [INFO]- "GET /static/admin/simpleui-x/automatic/segment.js?_=2021.5.21 HTTP/1.1" 200 1186
[2021-09-01 10:45:21,645] [basehttp.py:161] [basehttp:log_message] [INFO]- "GET /static/admin/simpleui-x/automatic/dicts.js?_=2021.5.21 HTTP/1.1" 200 6292
[2021-09-01 10:45:21,646] [basehttp.py:161] [basehttp:log_message] [INFO]- "GET /static/admin/simpleui-x/locale/zh-hans.js?_=2021.5.21 HTTP/1.1" 200 1254
[2021-09-01 10:45:21,648] [basehttp.py:161] [basehttp:log_message] [INFO]- "GET /static/admin/simpleui-x/locale/en-us.js?_=2021.5.21 HTTP/1.1" 200 811
[2021-09-01 10:45:21,656] [basehttp.py:161] [basehttp:log_message] [INFO]- "GET /static/admin/simpleui-x/theme/theme.js?_=2021.5.21 HTTP/1.1" 200 4274
[2021-09-01 10:45:21,656] [basehttp.py:161] [basehttp:log_message] [INFO]- "GET /static/admin/simpleui-x/js/cookie.js?_=2021.5.21 HTTP/1.1" 200 524
[2021-09-01 10:45:21,657] [basehttp.py:161] [basehttp:log_message] [INFO]- "GET /static/admin/simpleui-x/js/vue.min.js?_=2021.5.21 HTTP/1.1" 200 93675
[2021-09-01 10:45:21,658] [basehttp.py:161] [basehttp:log_message] [INFO]- "GET /static/admin/simpleui-x/waves/waves.min.js?_=2021.5.21 HTTP/1.1" 200 6329
[2021-09-01 10:45:21,659] [basehttp.py:161] [basehttp:log_message] [INFO]- "GET /static/admin/simpleui-x/js/menu.js?_=2021.5.21 HTTP/1.1" 200 1189
[2021-09-01 10:45:21,663] [basehttp.py:161] [basehttp:log_message] [INFO]- "GET /static/admin/simpleui-x/js/index.js?_=2021.5.21 HTTP/1.1" 200 20820
[2021-09-01 10:45:21,663] [basehttp.py:161] [basehttp:log_message] [INFO]- "GET /static/images/Miracle-Logo-1.png HTTP/1.1" 200 24169
[2021-09-01 10:45:21,670] [basehttp.py:161] [basehttp:log_message] [INFO]- "GET /static/admin/simpleui-x/elementui/index.js?_=2021.5.21 HTTP/1.1" 200 567853
[2021-09-01 10:45:21,867] [basehttp.py:161] [basehttp:log_message] [INFO]- "GET /static/admin/simpleui-x/fontawesome-free-5.8.1-web/webfonts/fa-regular-400.woff2 HTTP/1.1" 200 13552
[2021-09-01 10:45:21,867] [basehttp.py:161] [basehttp:log_message] [INFO]- "GET /static/admin/simpleui-x/elementui/theme-chalk/fonts/element-icons.woff HTTP/1.1" 200 28200
[2021-09-01 10:45:21,869] [basehttp.py:161] [basehttp:log_message] [INFO]- "GET /static/admin/simpleui-x/fontawesome-free-5.8.1-web/webfonts/fa-solid-900.woff2 HTTP/1.1" 200 74256
[2021-09-01 10:45:21,953] [log.py:224] [log:log_response] [WARNING]- Not Found: /favicon.ico
[2021-09-01 10:45:21,954] [basehttp.py:161] [basehttp:log_message] [WARNING]- "GET /favicon.ico HTTP/1.1" 404 5394
[2021-09-01 10:47:30,902] [autoreload.py:250] [autoreload:trigger_reload] [INFO]- E:\djangoProject\Miracle\filters.py changed, reloading.
[2021-09-01 10:47:32,815] [autoreload.py:636] [autoreload:run_with_reloader] [INFO]- Watching for file changes with StatReloader
[2021-09-01 10:48:04,185] [autoreload.py:636] [autoreload:run_with_reloader] [INFO]- Watching for file changes with StatReloader
[2021-09-01 10:48:04,975] [basehttp.py:161] [basehttp:log_message] [INFO]- "GET /Miracle/MiracleOrders HTTP/1.1" 301 0
[2021-09-01 10:48:06,098] [basehttp.py:161] [basehttp:log_message] [INFO]- "GET /Miracle/MiracleOrders/ HTTP/1.1" 200 9955
[2021-09-01 10:48:06,131] [basehttp.py:161] [basehttp:log_message] [INFO]- "GET /static/jquery/jquery-3.6.0.min.js HTTP/1.1" 200 89503
[2021-09-01 10:48:06,133] [basehttp.py:161] [basehttp:log_message] [INFO]- "GET /static/popper/popper.js HTTP/1.1" 200 69253
[2021-09-01 10:48:06,137] [basehttp.py:161] [basehttp:log_message] [INFO]- "GET /static/bootstrap/js/bootstrap.js HTTP/1.1" 200 148340
[2021-09-01 10:48:06,138] [basehttp.py:161] [basehttp:log_message] [INFO]- "GET /static/bootstrap/css/bootstrap.css HTTP/1.1" 200 209709
[2021-09-01 10:48:17,304] [log.py:224] [log:log_response] [ERROR]- Internal Server Error: /Miracle/MiracleOrders/
Traceback (most recent call last):
  File "D:\Python39\lib\site-packages\django\core\handlers\exception.py", line 47, in inner
    response = get_response(request)
  File "D:\Python39\lib\site-packages\django\core\handlers\base.py", line 181, in _get_response
    response = wrapped_callback(request, *callback_args, **callback_kwargs)
  File "E:\djangoProject\Miracle\views.py", line 88, in MiracleOrder_search
    paginator = Paginator(f.qs, 10)
  File "D:\Python39\lib\site-packages\django_filters\filterset.py", line 243, in qs
    qs = self.filter_queryset(qs)
  File "D:\Python39\lib\site-packages\django_filters\filterset.py", line 230, in filter_queryset
    queryset = self.filters[name].filter(queryset, value)
  File "D:\Python39\lib\site-packages\django_filters\filters.py", line 146, in filter
    qs = self.get_method(qs)(**{lookup: value})
  File "D:\Python39\lib\site-packages\django\db\models\query.py", line 941, in filter
    return self._filter_or_exclude(False, args, kwargs)
  File "D:\Python39\lib\site-packages\django\db\models\query.py", line 961, in _filter_or_exclude
    clone._filter_or_exclude_inplace(negate, args, kwargs)
  File "D:\Python39\lib\site-packages\django\db\models\query.py", line 968, in _filter_or_exclude_inplace
    self._query.add_q(Q(*args, **kwargs))
  File "D:\Python39\lib\site-packages\django\db\models\sql\query.py", line 1391, in add_q
    clause, _ = self._add_q(q_object, self.used_aliases)
  File "D:\Python39\lib\site-packages\django\db\models\sql\query.py", line 1410, in _add_q
    child_clause, needed_inner = self.build_filter(
  File "D:\Python39\lib\site-packages\django\db\models\sql\query.py", line 1284, in build_filter
    lookups, parts, reffed_expression = self.solve_lookup_type(arg)
  File "D:\Python39\lib\site-packages\django\db\models\sql\query.py", line 1110, in solve_lookup_type
    _, field, _, lookup_parts = self.names_to_path(lookup_splitted, self.get_meta())
  File "D:\Python39\lib\site-packages\django\db\models\sql\query.py", line 1537, in names_to_path
    raise FieldError("Cannot resolve keyword '%s' into field. "
django.core.exceptions.FieldError: Cannot resolve keyword 'Organization_OrganizeName' into field. Choices are: API_Type, APP_Number, CC_Number, CustomerName, CustomerName_id, HPR_Number, Line_Number, Log_Number, MCU_Type, Number_0, Number_1, Number_2, Number_3, Number_4, Number_5, OrderDate, PBX_Type, SIP_Number, id
[2021-09-01 10:48:17,309] [basehttp.py:161] [basehttp:log_message] [ERROR]- "GET /Miracle/MiracleOrders/?CustomerName=%E9%87%91%E5%BC%80%E5%8C%BA&OrderDate= HTTP/1.1" 500 121991
[2021-09-01 10:49:14,289] [autoreload.py:250] [autoreload:trigger_reload] [INFO]- E:\djangoProject\Miracle\filters.py changed, reloading.
[2021-09-01 10:49:16,451] [autoreload.py:636] [autoreload:run_with_reloader] [INFO]- Watching for file changes with StatReloader
[2021-09-01 10:49:23,287] [basehttp.py:161] [basehttp:log_message] [INFO]- "GET /Miracle/MiracleOrders/ HTTP/1.1" 200 9955
[2021-09-01 10:49:24,996] [basehttp.py:161] [basehttp:log_message] [INFO]- "GET /Miracle/MiracleOrders/?CustomerName=&OrderDate= HTTP/1.1" 200 9964
[2021-09-01 11:13:00,885] [autoreload.py:250] [autoreload:trigger_reload] [INFO]- E:\djangoProject\Miracle\filters.py changed, reloading.
[2021-09-01 11:13:03,017] [autoreload.py:636] [autoreload:run_with_reloader] [INFO]- Watching for file changes with StatReloader
[2021-09-01 11:13:04,952] [basehttp.py:161] [basehttp:log_message] [INFO]- "GET /Miracle/MiracleOrders/?CustomerName=&OrderDate= HTTP/1.1" 200 15700
[2021-09-01 11:13:12,060] [log.py:224] [log:log_response] [ERROR]- Internal Server Error: /Miracle/MiracleOrders/
Traceback (most recent call last):
  File "D:\Python39\lib\site-packages\django\core\handlers\exception.py", line 47, in inner
    response = get_response(request)
  File "D:\Python39\lib\site-packages\django\core\handlers\base.py", line 181, in _get_response
    response = wrapped_callback(request, *callback_args, **callback_kwargs)
  File "E:\djangoProject\Miracle\views.py", line 88, in MiracleOrder_search
    paginator = Paginator(f.qs, 10)
  File "D:\Python39\lib\site-packages\django_filters\filterset.py", line 243, in qs
    qs = self.filter_queryset(qs)
  File "D:\Python39\lib\site-packages\django_filters\filterset.py", line 230, in filter_queryset
    queryset = self.filters[name].filter(queryset, value)
  File "D:\Python39\lib\site-packages\django_filters\filters.py", line 167, in filter
    return super().filter(qs, value)
  File "D:\Python39\lib\site-packages\django_filters\filters.py", line 146, in filter
    qs = self.get_method(qs)(**{lookup: value})
  File "D:\Python39\lib\site-packages\django\db\models\query.py", line 941, in filter
    return self._filter_or_exclude(False, args, kwargs)
  File "D:\Python39\lib\site-packages\django\db\models\query.py", line 961, in _filter_or_exclude
    clone._filter_or_exclude_inplace(negate, args, kwargs)
  File "D:\Python39\lib\site-packages\django\db\models\query.py", line 968, in _filter_or_exclude_inplace
    self._query.add_q(Q(*args, **kwargs))
  File "D:\Python39\lib\site-packages\django\db\models\sql\query.py", line 1391, in add_q
    clause, _ = self._add_q(q_object, self.used_aliases)
  File "D:\Python39\lib\site-packages\django\db\models\sql\query.py", line 1410, in _add_q
    child_clause, needed_inner = self.build_filter(
  File "D:\Python39\lib\site-packages\django\db\models\sql\query.py", line 1345, in build_filter
    condition = self.build_lookup(lookups, col, value)
  File "D:\Python39\lib\site-packages\django\db\models\sql\query.py", line 1182, in build_lookup
    raise FieldError('Related Field got invalid lookup: {}'.format(lookup_name))
django.core.exceptions.FieldError: Related Field got invalid lookup: icontains
[2021-09-01 11:13:12,063] [basehttp.py:161] [basehttp:log_message] [ERROR]- "GET /Miracle/MiracleOrders/?CustomerName=379&OrderDate= HTTP/1.1" 500 122911
[2021-09-01 11:13:24,723] [autoreload.py:250] [autoreload:trigger_reload] [INFO]- E:\djangoProject\Miracle\filters.py changed, reloading.
[2021-09-01 11:13:26,730] [autoreload.py:636] [autoreload:run_with_reloader] [INFO]- Watching for file changes with StatReloader
[2021-09-01 11:13:29,044] [basehttp.py:161] [basehttp:log_message] [INFO]- "GET /Miracle/MiracleOrders/?CustomerName=379&OrderDate= HTTP/1.1" 200 14355
[2021-09-01 11:13:37,097] [basehttp.py:161] [basehttp:log_message] [INFO]- "GET /Miracle/MiracleOrders/?CustomerName=301&OrderDate= HTTP/1.1" 200 13467
[2021-09-01 11:14:46,623] [basehttp.py:161] [basehttp:log_message] [INFO]- "GET /Miracle/MiracleOrders/?CustomerName=379&OrderDate= HTTP/1.1" 200 14355
[2021-09-01 11:15:06,332] [basehttp.py:161] [basehttp:log_message] [INFO]- "GET /Miracle/MiracleOrders/?CustomerName=379&OrderDate= HTTP/1.1" 200 14355
